  Building 'xfz1986_usb_graphic' with toolset 'WindowsUserModeDriver10.0' and the 'Universal' target platform.
  Stamping x64\Debug\xfz1986_usb_graphic.inf
  Stamping [Version] section with DriverVer=01/25/2026,1.2.25.2
C:\Users\Administrator\Desktop\usbscreen\win10_idd_driver\idd_xfz1986_usb_graphic\xfz1986_usb_graphic.inf(29-29): warning 2084: Service binary 'C:\Windows\System32\drivers\WUDFRd.sys' should reference a CopyFiles destination file.
  Driver.cpp
C:\Users\Administrator\Desktop\usbscreen\win10_idd_driver\idd_xfz1986_usb_graphic\enc_raw_rgb.h(20,95): warning C4100: 'limit': 未引用的参数
  (编译源文件“Driver.cpp”)
  
C:\Users\Administrator\Desktop\usbscreen\win10_idd_driver\idd_xfz1986_usb_graphic\enc_raw_rgb.h(20,80): warning C4100: 'line_width': 未引用的参数
  (编译源文件“Driver.cpp”)
  
C:\Users\Administrator\Desktop\usbscreen\win10_idd_driver\idd_xfz1986_usb_graphic\Driver.cpp(269,18): warning C4267: “=”: 从“size_t”转换到“int”，可能丢失数据
C:\Users\Administrator\Desktop\usbscreen\win10_idd_driver\idd_xfz1986_usb_graphic\Driver.cpp(237,8): warning C4101: “pbuf”: 未引用的局部变量
C:\Users\Administrator\Desktop\usbscreen\win10_idd_driver\idd_xfz1986_usb_graphic\Driver.cpp(270,14): warning C4189: “ret”: 局部变量已初始化但不引用
C:\Users\Administrator\Desktop\usbscreen\win10_idd_driver\idd_xfz1986_usb_graphic\Driver.cpp(311,41): warning C4101: “ioQueueConfig”: 未引用的局部变量
C:\Users\Administrator\Desktop\usbscreen\win10_idd_driver\idd_xfz1986_usb_graphic\Driver.cpp(313,41): warning C4101: “queue”: 未引用的局部变量
C:\Users\Administrator\Desktop\usbscreen\win10_idd_driver\idd_xfz1986_usb_graphic\Driver.cpp(512,8): warning C4189: “pDeviceContext”: 局部变量已初始化但不引用
C:\Users\Administrator\Desktop\usbscreen\win10_idd_driver\idd_xfz1986_usb_graphic\Driver.cpp(642,24): warning C4389: “==”: 有符号/无符号不匹配
C:\Users\Administrator\Desktop\usbscreen\win10_idd_driver\idd_xfz1986_usb_graphic\Driver.cpp(658,16): warning C4189: “ret”: 局部变量已初始化但不引用
C:\Users\Administrator\Desktop\usbscreen\win10_idd_driver\idd_xfz1986_usb_graphic\Driver.cpp(993,95): warning C4267: “=”: 从“size_t”转换到“UINT”，可能丢失数据
C:\Users\Administrator\Desktop\usbscreen\win10_idd_driver\idd_xfz1986_usb_graphic\Driver.cpp(1010,95): warning C4267: “=”: 从“size_t”转换到“UINT”，可能丢失数据
C:\Users\Administrator\Desktop\usbscreen\win10_idd_driver\idd_xfz1986_usb_graphic\Driver.cpp(1139,26): warning C4389: “!=”: 有符号/无符号不匹配
C:\Users\Administrator\Desktop\usbscreen\win10_idd_driver\idd_xfz1986_usb_graphic\Driver.cpp(1141,20): warning C4018: “<”: 有符号/无符号不匹配
C:\Users\Administrator\Desktop\usbscreen\win10_idd_driver\idd_xfz1986_usb_graphic\Driver.cpp(1170,9): warning C4101: “tchar_udisp_registry”: 未引用的局部变量
C:\Users\Administrator\Desktop\usbscreen\win10_idd_driver\idd_xfz1986_usb_graphic\Driver.cpp(1266,9): warning C4267: “初始化”: 从“size_t”转换到“int”，可能丢失数据
C:\Users\Administrator\Desktop\usbscreen\win10_idd_driver\idd_xfz1986_usb_graphic\Driver.cpp(1284,10): warning C4457: “str”的声明隐藏了函数参数
      C:\Users\Administrator\Desktop\usbscreen\win10_idd_driver\idd_xfz1986_usb_graphic\Driver.cpp(1254,32):
      参见“str”的声明
  
C:\Users\Administrator\Desktop\usbscreen\win10_idd_driver\idd_xfz1986_usb_graphic\Driver.cpp(1267,4): warning C4996: 'sscanf': This function or variable may be unsafe. Consider using sscanf_s instead. To disable deprecation, use _CRT_SECURE_NO_WARNINGS. See online help for details.
C:\Users\Administrator\Desktop\usbscreen\win10_idd_driver\idd_xfz1986_usb_graphic\Driver.cpp(1289,6): warning C4996: 'sscanf': This function or variable may be unsafe. Consider using sscanf_s instead. To disable deprecation, use _CRT_SECURE_NO_WARNINGS. See online help for details.
C:\Users\Administrator\Desktop\usbscreen\win10_idd_driver\idd_xfz1986_usb_graphic\Driver.cpp(1297,6): warning C4996: 'sscanf': This function or variable may be unsafe. Consider using sscanf_s instead. To disable deprecation, use _CRT_SECURE_NO_WARNINGS. See online help for details.
C:\Users\Administrator\Desktop\usbscreen\win10_idd_driver\idd_xfz1986_usb_graphic\Driver.cpp(1305,8): warning C4996: 'sscanf': This function or variable may be unsafe. Consider using sscanf_s instead. To disable deprecation, use _CRT_SECURE_NO_WARNINGS. See online help for details.
C:\Users\Administrator\Desktop\usbscreen\win10_idd_driver\idd_xfz1986_usb_graphic\Driver.cpp(1316,7): warning C4996: 'sscanf': This function or variable may be unsafe. Consider using sscanf_s instead. To disable deprecation, use _CRT_SECURE_NO_WARNINGS. See online help for details.
C:\Users\Administrator\Desktop\usbscreen\win10_idd_driver\idd_xfz1986_usb_graphic\Driver.cpp(1324,7): warning C4996: 'sscanf': This function or variable may be unsafe. Consider using sscanf_s instead. To disable deprecation, use _CRT_SECURE_NO_WARNINGS. See online help for details.
C:\Users\Administrator\Desktop\usbscreen\win10_idd_driver\idd_xfz1986_usb_graphic\misc_helper.c(69,13): warning C4244: “初始化”: 从“int64_t”转换到“long”，可能丢失数据
  (编译源文件“Driver.cpp”)
  
C:\Users\Administrator\Desktop\usbscreen\win10_idd_driver\idd_xfz1986_usb_graphic\misc_helper.c(106,10): warning C4996: 'sprintf': This function or variable may be unsafe. Consider using sprintf_s instead. To disable deprecation, use _CRT_SECURE_NO_WARNINGS. See online help for details.
  (编译源文件“Driver.cpp”)
  
C:\Users\Administrator\Desktop\usbscreen\win10_idd_driver\idd_xfz1986_usb_graphic\usb_transf.cpp(4,35): warning C4100: 'Request': 未引用的参数
  (编译源文件“Driver.cpp”)
  
C:\Users\Administrator\Desktop\usbscreen\win10_idd_driver\idd_xfz1986_usb_graphic\usb_transf.cpp(74,20): warning C4101: “bytesWritten”: 未引用的局部变量
  (编译源文件“Driver.cpp”)
  
C:\Users\Administrator\Desktop\usbscreen\win10_idd_driver\idd_xfz1986_usb_graphic\usb_transf.cpp(77,9): warning C4101: “writeBuffer”: 未引用的局部变量
  (编译源文件“Driver.cpp”)
  
C:\Users\Administrator\Desktop\usbscreen\win10_idd_driver\idd_xfz1986_usb_graphic\usb_transf.cpp(75,10): warning C4101: “bufferSize”: 未引用的局部变量
  (编译源文件“Driver.cpp”)
  
C:\Users\Administrator\Desktop\usbscreen\win10_idd_driver\idd_xfz1986_usb_graphic\usb_transf.cpp(72,25): warning C4101: “writeBufDesc”: 未引用的局部变量
  (编译源文件“Driver.cpp”)
  
C:\Users\Administrator\Desktop\usbscreen\win10_idd_driver\idd_xfz1986_usb_graphic\usb_transf.cpp(142,57): warning C4100: 'Request': 未引用的参数
  (编译源文件“Driver.cpp”)
  
C:\Users\Administrator\Desktop\usbscreen\win10_idd_driver\idd_xfz1986_usb_graphic\usb_transf.cpp(201,19): warning C4101: “ntStatus”: 未引用的局部变量
  (编译源文件“Driver.cpp”)
  
C:\Users\Administrator\Desktop\usbscreen\win10_idd_driver\idd_xfz1986_usb_graphic\usb_transf.cpp(204,13): warning C4101: “memoryHandle”: 未引用的局部变量
  (编译源文件“Driver.cpp”)
  
  enc_base.cpp
  enc_jpg.cpp
C:\Users\Administrator\Desktop\usbscreen\win10_idd_driver\idd_xfz1986_usb_graphic\enc_jpg.cpp(151,14): warning C4018: “>”: 有符号/无符号不匹配
C:\Users\Administrator\Desktop\usbscreen\win10_idd_driver\idd_xfz1986_usb_graphic\enc_jpg.cpp(136,89): warning C4100: 'line_width': 未引用的参数
C:\Users\Administrator\Desktop\usbscreen\win10_idd_driver\idd_xfz1986_usb_graphic\enc_jpg.cpp(136,59): warning C4100: 'y': 未引用的参数
C:\Users\Administrator\Desktop\usbscreen\win10_idd_driver\idd_xfz1986_usb_graphic\enc_jpg.cpp(136,52): warning C4100: 'x': 未引用的参数
  enc_raw_rgb.cpp
C:\Users\Administrator\Desktop\usbscreen\win10_idd_driver\idd_xfz1986_usb_graphic\enc_raw_rgb.h(20,95): warning C4100: 'limit': 未引用的参数
  (编译源文件“enc_raw_rgb.cpp”)
  
C:\Users\Administrator\Desktop\usbscreen\win10_idd_driver\idd_xfz1986_usb_graphic\enc_raw_rgb.h(20,80): warning C4100: 'line_width': 未引用的参数
  (编译源文件“enc_raw_rgb.cpp”)
  
C:\Users\Administrator\Desktop\usbscreen\win10_idd_driver\idd_xfz1986_usb_graphic\enc_raw_rgb.cpp(10,5): warning C4189: “pos”: 局部变量已初始化但不引用
C:\Users\Administrator\Desktop\usbscreen\win10_idd_driver\idd_xfz1986_usb_graphic\enc_raw_rgb.cpp(45,107): warning C4100: 'limit': 未引用的参数
  正在运行 C/C++ 代码分析...
C:\Users\Administrator\Desktop\usbscreen\win10_idd_driver\idd_xfz1986_usb_graphic\Driver.cpp(320): warning C28023: 要分配或传递的函数应具有针对“EVT_WDF_DEVICE_PREPARE_HARDWARE”中的至少一个类的 _Function_class_ 注释。通常，仅在使用一个函数类的情况下，不将回调声明为适当类型会导致出现此情况。对函数的第一个声明添加前缀“<函数类名> idd_usbdisp_evt_device_prepareHardware”可修复此问题。<函数类名>应为上面列出的函数类之一。
C:\Users\Administrator\Desktop\usbscreen\win10_idd_driver\idd_xfz1986_usb_graphic\Driver.cpp(338): warning C28023: 要分配或传递的函数应具有针对“EVT_IDD_CX_DEVICE_IO_CONTROL”中的至少一个类的 _Function_class_ 注释。通常，仅在使用一个函数类的情况下，不将回调声明为适当类型会导致出现此情况。对函数的第一个声明添加前缀“<函数类名> udisp1986_EvtIoDeviceControl”可修复此问题。<函数类名>应为上面列出的函数类之一。
C:\Users\Administrator\Desktop\usbscreen\win10_idd_driver\idd_xfz1986_usb_graphic\Driver.cpp(525): warning C28183: “AvTaskHandle”可以是“0”，并且是“AvSetMmThreadCharacteristicsW()`513”中找到的值的副本: 这不符合函数“AvRevertMmThreadCharacteristics”的规范。: Lines: 509, 512, 513, 515, 516, 520, 523, 525
C:\Users\Administrator\Desktop\usbscreen\win10_idd_driver\idd_xfz1986_usb_graphic\Driver.cpp(677): warning C6001: 使用未初始化的内存“t”。: Lines: 558, 559, 560, 561, 562, 563, 567, 568, 570, 571, 576, 577, 578, 582, 583, 586, 604, 605, 619, 622, 626, 627, 628, 630, 631, 633, 634, 637, 639, 640, 642, 648, 650, 651, 653, 654, 657, 658, 659, 675, 676, 677
C:\Users\Administrator\Desktop\usbscreen\win10_idd_driver\idd_xfz1986_usb_graphic\Driver.cpp(684): warning C6001: 使用未初始化的内存“b”。: Lines: 558, 559, 560, 561, 562, 563, 567, 568, 570, 571, 576, 577, 578, 582, 583, 586, 604, 605, 619, 622, 626, 627, 628, 683, 684
C:\Users\Administrator\Desktop\usbscreen\win10_idd_driver\idd_xfz1986_usb_graphic\Driver.cpp(831): warning C6031: 返回值被忽略: “CoCreateGuid”。
C:\Users\Administrator\Desktop\usbscreen\win10_idd_driver\idd_xfz1986_usb_graphic\Driver.cpp(852): warning C28193: “Status”保存了一个必须检查的值。: Lines: 801, 802, 804, 805, 806, 807, 809, 810, 811, 818, 819, 831, 833, 834, 835, 838, 840, 841, 842, 843, 846, 847, 850, 851, 852, 854
C:\Users\Administrator\Desktop\usbscreen\win10_idd_driver\idd_xfz1986_usb_graphic\Driver.cpp(1284): warning C6246: “str”的局部声明遮蔽了外部作用域中具有相同名称的声明。有关其他信息，请参见此前位于“1254”行(“c:\users\administrator\desktop\usbscreen\win10_idd_driver\idd_xfz1986_usb_graphic\driver.cpp”中)的声明。: Lines: 1254
C:\Users\Administrator\Desktop\usbscreen\win10_idd_driver\idd_xfz1986_usb_graphic\Driver.cpp(1267): warning C28726: Banned API Usage:  sscanf is a Banned API as listed in dontuse.h for security purposes.
C:\Users\Administrator\Desktop\usbscreen\win10_idd_driver\idd_xfz1986_usb_graphic\Driver.cpp(1289): warning C28726: Banned API Usage:  sscanf is a Banned API as listed in dontuse.h for security purposes.
C:\Users\Administrator\Desktop\usbscreen\win10_idd_driver\idd_xfz1986_usb_graphic\Driver.cpp(1297): warning C28726: Banned API Usage:  sscanf is a Banned API as listed in dontuse.h for security purposes.
C:\Users\Administrator\Desktop\usbscreen\win10_idd_driver\idd_xfz1986_usb_graphic\Driver.cpp(1305): warning C28726: Banned API Usage:  sscanf is a Banned API as listed in dontuse.h for security purposes.
C:\Users\Administrator\Desktop\usbscreen\win10_idd_driver\idd_xfz1986_usb_graphic\Driver.cpp(1316): warning C28726: Banned API Usage:  sscanf is a Banned API as listed in dontuse.h for security purposes.
C:\Users\Administrator\Desktop\usbscreen\win10_idd_driver\idd_xfz1986_usb_graphic\Driver.cpp(1324): warning C28726: Banned API Usage:  sscanf is a Banned API as listed in dontuse.h for security purposes.
C:\Users\Administrator\Desktop\usbscreen\win10_idd_driver\idd_xfz1986_usb_graphic\misc_helper.c(106): warning C28719: Banned API Usage:  sprintf is a Banned API as listed in dontuse.h for security purposes.
C:\Users\Administrator\Desktop\usbscreen\win10_idd_driver\idd_xfz1986_usb_graphic\misc_helper.c(120): warning C28719: Banned API Usage:  vsnprintf is a Banned API as listed in dontuse.h for security purposes.
C:\Users\Administrator\Desktop\usbscreen\win10_idd_driver\idd_xfz1986_usb_graphic\usb_transf.cpp(95): warning C6031: 返回值被忽略: “WdfMemoryCopyFromBuffer”。
C:\Users\Administrator\Desktop\usbscreen\win10_idd_driver\idd_xfz1986_usb_graphic\usb_transf.cpp(116): warning C28023: 要分配或传递的函数应具有针对“EVT_WDF_REQUEST_COMPLETION_ROUTINE”中的至少一个类的 _Function_class_ 注释。通常，仅在使用一个函数类的情况下，不将回调声明为适当类型会导致出现此情况。对函数的第一个声明添加前缀“<函数类名> <FunctionName>”可修复此问题。<函数类名>应为上面列出的函数类之一。
C:\Users\Administrator\Desktop\usbscreen\win10_idd_driver\idd_xfz1986_usb_graphic\usb_transf.cpp(82): warning C28160: 错误批注: __formal(3,BufferSize) cannot be zero。: Lines: 72, 73, 74, 75, 76, 77, 79, 82
C:\Users\Administrator\Desktop\usbscreen\win10_idd_driver\idd_xfz1986_usb_graphic\usb_transf.cpp(82): warning C28160: 错误批注: __formal(3,BufferSize) cannot be zero。: Lines: 72, 73, 74, 75, 76, 77, 79, 82
C:\Users\Administrator\Desktop\usbscreen\win10_idd_driver\idd_xfz1986_usb_graphic\usb_transf.cpp(95): warning C28160: 错误批注: __formal(3,NumBytesToCopyFrom) cannot be zero。: Lines: 72, 73, 74, 75, 76, 77, 79, 82, 90, 95
C:\Users\Administrator\Desktop\usbscreen\win10_idd_driver\idd_xfz1986_usb_graphic\usb_transf.cpp(95): warning C28160: 错误批注: __formal(3,NumBytesToCopyFrom) cannot be zero。: Lines: 72, 73, 74, 75, 76, 77, 79, 82, 90, 95
C:\Users\Administrator\Desktop\usbscreen\win10_idd_driver\idd_xfz1986_usb_graphic\usb_transf.cpp(173): warning C6031: 返回值被忽略: “WdfMemoryCopyFromBuffer”。
C:\Users\Administrator\Desktop\usbscreen\win10_idd_driver\idd_xfz1986_usb_graphic\usb_transf.cpp(152): warning C28160: 错误批注: __formal(3,BufferSize) cannot be zero。: Lines: 144, 145, 146, 147, 148, 149, 151, 152
C:\Users\Administrator\Desktop\usbscreen\win10_idd_driver\idd_xfz1986_usb_graphic\usb_transf.cpp(152): warning C28160: 错误批注: __formal(3,BufferSize) cannot be zero。: Lines: 144, 145, 146, 147, 148, 149, 151, 152
C:\Users\Administrator\Desktop\usbscreen\win10_idd_driver\idd_xfz1986_usb_graphic\usb_transf.cpp(173): warning C28160: 错误批注: __formal(3,NumBytesToCopyFrom) cannot be zero。: Lines: 144, 145, 146, 147, 148, 149, 151, 152, 160, 165, 173
C:\Users\Administrator\Desktop\usbscreen\win10_idd_driver\idd_xfz1986_usb_graphic\usb_transf.cpp(173): warning C28160: 错误批注: __formal(3,NumBytesToCopyFrom) cannot be zero。: Lines: 144, 145, 146, 147, 148, 149, 151, 152, 160, 165, 173
C:\Users\Administrator\Desktop\usbscreen\win10_idd_driver\idd_xfz1986_usb_graphic\usb_transf.cpp(212): warning C28193: “status”保存了一个必须检查的值。: Lines: 201, 202, 204, 205, 206, 208, 210, 212, 233, 242, 243, 244
C:\Users\Administrator\Desktop\usbscreen\win10_idd_driver\idd_xfz1986_usb_graphic\usb_transf.cpp(217): warning C6001: 使用未初始化的内存“numCharacters”。: Lines: 201, 202, 204, 205, 206, 208, 210, 212, 233, 242, 217
  正在生成代码...
C:\Users\Administrator\Desktop\usbscreen\win10_idd_driver\idd_xfz1986_usb_graphic\Driver.cpp(684,1): warning C4701: 使用了可能未初始化的局部变量“b”
C:\Users\Administrator\Desktop\usbscreen\win10_idd_driver\idd_xfz1986_usb_graphic\Driver.cpp(677,1): warning C4701: 使用了可能未初始化的局部变量“t”
    正在创建库 C:\Users\Administrator\Desktop\usbscreen\win10_idd_driver\x64\Debug\xfz1986_usb_graphic.lib 和对象 C:\Users\Administrator\Desktop\usbscreen\win10_idd_driver\x64\Debug\xfz1986_usb_graphic.exp
  idd_xfz1986_usb_graphic.vcxproj -> C:\Users\Administrator\Desktop\usbscreen\win10_idd_driver\x64\Debug\xfz1986_usb_graphic.dll
  Driver is 'Universal'.
  .........................
  Signability test complete.
  
  Errors:
  None
  
  Warnings:
  None
  
  Catalog generation complete.
  C:\Users\Administrator\Desktop\usbscreen\win10_idd_driver\x64\Debug\xfz1986_usb_graphic\xfz1986_usb_graphic.cat
